<testsuite failures="0" name="karate/request/create.feature" skipped="0" tests="1" time="0.516289">
  <testcase classname="karate.request.create" name="check the service POST Method" time="0.516289">
    <system-out>* url url ................................................................. passed
* def requestCreate = {"name": '#(name)',"job": '#(job)'} ................. passed
Given path 'users' ........................................................ passed
And request requestCreate ................................................. passed
When method post .......................................................... passed
Then status 201 ........................................................... passed</system-out>
  </testcase>
</testsuite>
