<testsuite failures="1" name="karate/request/create.feature" skipped="0" tests="1" time="0.025928">
  <testcase classname="karate.request.create" name="check the service POST method" time="0.025928">
    <failure message="create.feature:11 - evaluation (js) failed: read(''classpath:karate/request/responsePost.json), javax.script.ScriptException: &lt;eval&gt;:1:7 Expected , but found classpath&#13;&#10;read(''classpath:karate/request/responsePost.json)&#13;&#10;       ^ in &lt;eval&gt; at line number 1 at column number 7&#10;stack trace: jdk.nashorn.api.scripting.NashornScriptEngine.throwAsScriptException(NashornScriptEngine.java:470)">* url url ................................................................. passed
* def requestCreate = {"name": "#(name)", "job": "#(job)"} ................ passed
* def responsePost = read(''classpath:karate/request/responsePost.json) ... failed

Stack Trace:
com.intuit.karate.exception.KarateException: create.feature:11 - evaluation (js) failed: read(''classpath:karate/request/responsePost.json), javax.script.ScriptException: &lt;eval&gt;:1:7 Expected , but found classpath&#13;
read(''classpath:karate/request/responsePost.json)&#13;
       ^ in &lt;eval&gt; at line number 1 at column number 7
stack trace: jdk.nashorn.api.scripting.NashornScriptEngine.throwAsScriptException(NashornScriptEngine.java:470)&#13;
	at âœ½.* def responsePost = read(''classpath:karate/request/responsePost.json) (create.feature:11)&#13;

Given path 'users' ........................................................ skipped
And request requestCreate ................................................. skipped
When method post .......................................................... skipped
Then status 201 ........................................................... skipped
And match response == responsePost ........................................ skipped</failure>
  </testcase>
</testsuite>
