<testsuite failures="0" name="karate/request/client_consult/client.feature" skipped="0" tests="1" time="2.381861">
  <testcase classname="karate.request.client_consult.client" name="Check the service get method" time="2.381861">
    <system-out>* url url ................................................................. passed
* def responsesGet = read('classpath:karate/request/client_consult/responseGet.json') . passed
Given path 'users','2' .................................................... passed
When method get ........................................................... passed
Then status 200 ........................................................... passed
And match response == responsesGet ........................................ passed
And assert response.support.text == "To keep ReqRes free, contributions towards server costs are appreciated!" . passed
And assert response.data.email == email ................................... passed</system-out>
  </testcase>
</testsuite>
